<?xml version="1.0" encoding="UTF-8"?>
<!-- Generated by org.testng.reporters.JUnitReportReporter -->
<testsuite hostname="JOHNWESLEY4063" failures="0" tests="2" name="AirlineTests" time="0.439" errors="0" timestamp="2025-10-29T16:14:37 IST" skipped="0">
  <testcase classname="AirlineTests" name="testCreateBookingEndToEnd" time="0.433"/>
  <testcase classname="AirlineTests" name="testDatabaseConnectionAndInitialData" time="0.006"/>
</testsuite> <!-- AirlineTests -->
