<?xml version="1.0" encoding="UTF-8"?>
<!-- Generated by org.testng.reporters.JUnitReportReporter -->
<testsuite hostname="JOHNWESLEY4063" failures="0" tests="2" name="AirlineTests" time="5.426" errors="0" timestamp="2025-10-04T22:24:28 IST" skipped="0">
  <testcase classname="AirlineTests" name="testDatabaseConnectionAndInitialData" time="0.003"/>
  <testcase classname="AirlineTests" name="testCreateBookingEndToEnd" time="5.423"/>
</testsuite> <!-- AirlineTests -->
