<?xml version="1.0" encoding="UTF-8"?>
<!-- Generated by org.testng.reporters.JUnitReportReporter -->
<testsuite hostname="JOHNWESLEY4063" failures="0" tests="2" name="AirlineTests" time="5.598" errors="0" timestamp="2025-10-05T21:24:23 IST" skipped="0">
  <testcase classname="AirlineTests" name="testDatabaseConnectionAndInitialData" time="0.008"/>
  <testcase classname="AirlineTests" name="testCreateBookingEndToEnd" time="5.590"/>
</testsuite> <!-- AirlineTests -->
