<?xml version="1.0" encoding="UTF-8"?>
<!-- Generated by org.testng.reporters.JUnitReportReporter -->
<testsuite hostname="JOHNWESLEY4063" failures="0" tests="2" name="AirlineTests" time="0.261" errors="0" timestamp="2025-10-29T20:49:15 IST" skipped="0">
  <testcase classname="AirlineTests" name="testCreateBookingEndToEnd" time="0.259"/>
  <testcase classname="AirlineTests" name="testDatabaseConnectionAndInitialData" time="0.002"/>
</testsuite> <!-- AirlineTests -->
